<?xml version="1.0" encoding="UTF-8"?>
<!-- Generated by org.testng.reporters.JUnitReportReporter -->
<testsuite hostname="Sasikumar" failures="0" tests="1" name="org.amend.series.tests.Amend" time="3.975" errors="0" timestamp="2025-02-27T11:34:18 IST" skipped="0">
  <testcase classname="org.amend.series.tests.Amend" name="testTwo" time="3.975"/>
</testsuite> <!-- org.amend.series.tests.Amend -->
