<?xml version="1.0" encoding="UTF-8"?>
<!-- Generated by org.testng.reporters.JUnitReportReporter -->
<testsuite hostname="Sasikumar" failures="0" tests="1" name="org.cura.health.tests.CuraHealth" time="0.009" errors="0" timestamp="2025-02-21T15:06:11 IST" skipped="0">
  <testcase classname="org.cura.health.tests.CuraHealth" name="curaOne" time="0.009"/>
</testsuite> <!-- org.cura.health.tests.CuraHealth -->
