<?xml version="1.0" encoding="UTF-8"?>
<!-- Generated by org.testng.reporters.JUnitReportReporter -->
<testsuite hostname="Sasikumar" failures="0" tests="1" name="org.amend.series.tests.Amend" time="1.493" errors="0" timestamp="2025-02-26T17:53:36 IST" skipped="0">
  <testcase classname="org.amend.series.tests.Amend" name="testTwo" time="1.493"/>
</testsuite> <!-- org.amend.series.tests.Amend -->
