<?xml version="1.0" encoding="UTF-8"?>
<!-- Generated by org.testng.reporters.JUnitReportReporter -->
<testsuite hostname="Sasikumar" failures="0" tests="1" name="org.cura.health.tests.CuraHealth" time="10.921" errors="0" timestamp="2025-02-24T10:54:09 IST" skipped="0">
  <testcase classname="org.cura.health.tests.CuraHealth" name="curaTwo" time="10.921"/>
</testsuite> <!-- org.cura.health.tests.CuraHealth -->
