<?xml version="1.0" encoding="UTF-8"?>
<!-- Generated by org.testng.reporters.JUnitReportReporter -->
<testsuite hostname="Sasikumar" failures="0" tests="1" name="org.amend.series.tests.AmendSeries" time="0.408" errors="0" timestamp="2025-02-26T10:37:41 IST" skipped="0">
  <testcase classname="org.amend.series.tests.AmendSeries" name="oOne" time="0.408"/>
</testsuite> <!-- org.amend.series.tests.AmendSeries -->
