<?xml version="1.0" encoding="UTF-8"?>
<!-- Generated by org.testng.reporters.JUnitReportReporter -->
<testsuite hostname="Sasikumar" failures="0" tests="1" name="org.cura.health.tests.CuraHealth" time="12.005" errors="0" timestamp="2025-02-23T01:08:06 IST" skipped="0">
  <testcase classname="org.cura.health.tests.CuraHealth" name="curaTwo" time="12.005"/>
</testsuite> <!-- org.cura.health.tests.CuraHealth -->
