<?xml version="1.0" encoding="UTF-8"?>
<!-- Generated by org.testng.reporters.JUnitReportReporter -->
<testsuite hostname="Sasikumar" failures="0" tests="1" name="org.cura.health.tests.CuraHealth" time="8.410" errors="0" timestamp="2025-02-22T00:21:30 IST" skipped="0">
  <testcase classname="org.cura.health.tests.CuraHealth" name="curaTwo" time="8.410"/>
</testsuite> <!-- org.cura.health.tests.CuraHealth -->
